<?xml version="1.0" encoding="UTF-8"?>
<!-- Generated by org.testng.reporters.JUnitReportReporter -->
<testsuite hostname="DESKTOP-2KD9ONT" failures="0" tests="4" name="com.qacart.todo.testcases.UserTest" time="8.603" errors="0" timestamp="2022-10-11T22:15:42 IDT" skipped="0">
  <testcase classname="com.qacart.todo.testcases.UserTest" name="shouldBeAbleToRegister" time="0.883"/>
  <system-out/>
  <testcase classname="com.qacart.todo.testcases.UserTest" name="shouldNotBeAbleToRegisterWithTheSameEmail" time="1.593"/>
  <system-out/>
  <testcase classname="com.qacart.todo.testcases.UserTest" name="ShouldNotBeAbleToLoginIfPasswordIsNotCorrect" time="4.700"/>
  <system-out/>
  <testcase classname="com.qacart.todo.testcases.UserTest" name="shouldBeAbleToLogin" time="1.427"/>
  <system-out/>
</testsuite> <!-- com.qacart.todo.testcases.UserTest -->
